celib-palm-3.0/alarm.c
celib-palm-3.0/ascii2addr.c
celib-palm-3.0/asctime.c
celib-palm-3.0/asctime.c.diff
celib-palm-3.0/bsd-ctype.c
celib-palm-3.0/bsd-fclose.c
celib-palm-3.0/bsd-fdopen.c
celib-palm-3.0/bsd-fflush.c
celib-palm-3.0/bsd-fgets.c
celib-palm-3.0/bsd-findfp.c
celib-palm-3.0/bsd-flags.c
celib-palm-3.0/bsd-floatio.h
celib-palm-3.0/bsd-fopen.c
celib-palm-3.0/bsd-fprintf.c
celib-palm-3.0/bsd-fputs.c
celib-palm-3.0/bsd-fread.c
celib-palm-3.0/bsd-freopen.c
celib-palm-3.0/bsd-fscanf.c
celib-palm-3.0/bsd-fvwrite.c
celib-palm-3.0/bsd-fvwrite.h
celib-palm-3.0/bsd-fwalk.c
celib-palm-3.0/bsd-makebuf.c
celib-palm-3.0/bsd-namespace.h
celib-palm-3.0/bsd-reentrant.h
celib-palm-3.0/bsd-refill.c
celib-palm-3.0/bsd-sprintf.c
celib-palm-3.0/bsd-sscanf.c
celib-palm-3.0/bsd-stdio-glue.h
celib-palm-3.0/bsd-stdio-local.h
celib-palm-3.0/bsd-stdio.c
celib-palm-3.0/bsd-strtod.c
celib-palm-3.0/bsd-strtoll.c
celib-palm-3.0/bsd-strtoull.c
celib-palm-3.0/bsd-time-private.h
celib-palm-3.0/bsd-ungetc.c
celib-palm-3.0/bsd-vfprintf.c
celib-palm-3.0/bsd-vfscanf.c
celib-palm-3.0/bsd-vsnprintf.c
celib-palm-3.0/bsd-vsprintf.c
celib-palm-3.0/bsd-vsscanf.c
celib-palm-3.0/bsd-win32.c
celib-palm-3.0/bsd-wsetup.c
celib-palm-3.0/bsd.c
celib-palm-3.0/BUGS
celib-palm-3.0/calloc.c
celib-palm-3.0/ceargv.c
celib-palm-3.0/ceassert.c
celib-palm-3.0/cebsearch.c
celib-palm-3.0/cecommdlg.c
celib-palm-3.0/ceconsole.c
celib-palm-3.0/cectype.c
celib-palm-3.0/cecursor.c
celib-palm-3.0/cedebug.c
celib-palm-3.0/cedir.c
celib-palm-3.0/cedtoxtime.c
celib-palm-3.0/ceenv.c
celib-palm-3.0/ceerrno.c
celib-palm-3.0/ceexec.c
celib-palm-3.0/cefonts.c
celib-palm-3.0/cegettimeofday.c
celib-palm-3.0/ceinit.c
celib-palm-3.0/ceio.c
celib-palm-3.0/ceirda.c
celib-palm-3.0/cekeyboard.c
celib-palm-3.0/celib.def
celib-palm-3.0/celib.rc
celib-palm-3.0/celib.RES
celib-palm-3.0/celocale.c
celib-palm-3.0/cemisc.c
celib-palm-3.0/ceprocess.c
celib-palm-3.0/ceprofile.c
celib-palm-3.0/cert0.c
celib-palm-3.0/ceshared-old.c
celib-palm-3.0/ceshared2.c
celib-palm-3.0/cesignal.c
celib-palm-3.0/cestat.c
celib-palm-3.0/cestdio-palmsize.c
celib-palm-3.0/cestdio.c
celib-palm-3.0/cestdlib.c
celib-palm-3.0/cestr.c
celib-palm-3.0/cethread.c
celib-palm-3.0/cetimezone.c
celib-palm-3.0/cetmpnam.c
celib-palm-3.0/cetoolhelp.c
celib-palm-3.0/ceunicode.c
celib-palm-3.0/ceunsup-unix.c
celib-palm-3.0/ceunsup-win32.c
celib-palm-3.0/ceutil.c
celib-palm-3.0/cewchar.c
celib-palm-3.0/cewin32.c
celib-palm-3.0/ChangeLog
celib-palm-3.0/chown.c
celib-palm-3.0/contrib/registry.c.cdiff
celib-palm-3.0/copyfile.c
celib-palm-3.0/COPYING
celib-palm-3.0/createdir.c
celib-palm-3.0/createfile.c
celib-palm-3.0/createfilemap.c
celib-palm-3.0/ctime.c
celib-palm-3.0/ctime.c.diff
celib-palm-3.0/currentdir.c
celib-palm-3.0/deletefile.c
celib-palm-3.0/diffdir/asctime.c.diff
celib-palm-3.0/diffdir/ctime.c.diff
celib-palm-3.0/diffdir/dtoxtime.c.diff
celib-palm-3.0/diffdir/ftime.c.diff
celib-palm-3.0/diffdir/gmtime.c.diff
celib-palm-3.0/diffdir/localtim.c.diff
celib-palm-3.0/diffdir/mktime.c.diff
celib-palm-3.0/diffdir/time.c.diff
celib-palm-3.0/diffdir/tzset.c.diff
celib-palm-3.0/diffdir/utime.c.diff
celib-palm-3.0/diffdir/xpatch.bat
celib-palm-3.0/dllmain.c
celib-palm-3.0/doc/celib.txt
celib-palm-3.0/doc/config_h-sample.h
celib-palm-3.0/doc/Makefile-EXE.mak
celib-palm-3.0/doc/Makefile-LIB.mak
celib-palm-3.0/doc/wmain.c
celib-palm-3.0/dtoxtime.c
celib-palm-3.0/dtoxtime.c.diff
celib-palm-3.0/fileattr.c
celib-palm-3.0/findfile.c
celib-palm-3.0/fixpath.c
celib-palm-3.0/fnmatch.c
celib-palm-3.0/ftime.c
celib-palm-3.0/ftime.c.diff
celib-palm-3.0/ftruncate.c
celib-palm-3.0/getopt.c
celib-palm-3.0/gid.c
celib-palm-3.0/glob.c
celib-palm-3.0/gmtime.c
celib-palm-3.0/gmtime.c.diff
celib-palm-3.0/inc/alloca.h
celib-palm-3.0/inc/arpa/ftp.h
celib-palm-3.0/inc/arpa/inet.h
celib-palm-3.0/inc/arpa/telnet.h
celib-palm-3.0/inc/arpa/tftp.h
celib-palm-3.0/inc/assert-bsd.h
celib-palm-3.0/inc/assert.h
celib-palm-3.0/inc/bsd-ctype.h
celib-palm-3.0/inc/bsd-stdio.h
celib-palm-3.0/inc/bsd-stdlib.h
celib-palm-3.0/inc/bsd-wchar.h
celib-palm-3.0/inc/ceconsole.h
celib-palm-3.0/inc/cecrt.h
celib-palm-3.0/inc/cecrt_defs.h
celib-palm-3.0/inc/cectype-old.h
celib-palm-3.0/inc/cectype.h
celib-palm-3.0/inc/ceirda.h
celib-palm-3.0/inc/celib.h
celib-palm-3.0/inc/celib_defs.h
celib-palm-3.0/inc/ceprofile.h
celib-palm-3.0/inc/ceshared.h
celib-palm-3.0/inc/cesocket.h
celib-palm-3.0/inc/cesocket2.h
celib-palm-3.0/inc/cesocket2_defs.h
celib-palm-3.0/inc/cestdio.h
celib-palm-3.0/inc/cethread.h
celib-palm-3.0/inc/ceutil.h
celib-palm-3.0/inc/cewchar.h
celib-palm-3.0/inc/cewin32.h
celib-palm-3.0/inc/cewin32_defs.h
celib-palm-3.0/inc/cewinnt.h
celib-palm-3.0/inc/ChangeLog
celib-palm-3.0/inc/conio.h
celib-palm-3.0/inc/direct.h
celib-palm-3.0/inc/dirent.h
celib-palm-3.0/inc/dlfcn.h
celib-palm-3.0/inc/dos.h
celib-palm-3.0/inc/err.h
celib-palm-3.0/inc/errno.h
celib-palm-3.0/inc/fcntl.h
celib-palm-3.0/inc/fnmatch.h
celib-palm-3.0/inc/getopt.h
celib-palm-3.0/inc/glob.h
celib-palm-3.0/inc/grp.h
celib-palm-3.0/inc/io.h
celib-palm-3.0/inc/ioctl.h
celib-palm-3.0/inc/libinet.h
celib-palm-3.0/inc/locale.h
celib-palm-3.0/inc/machine/ansi.h
celib-palm-3.0/inc/namespace.h
celib-palm-3.0/inc/ndir.h
celib-palm-3.0/inc/netdb.h
celib-palm-3.0/inc/netinet/in.h
celib-palm-3.0/inc/netinet/ip.h
celib-palm-3.0/inc/newlib_defs.h
celib-palm-3.0/inc/paths.h
celib-palm-3.0/inc/process.h
celib-palm-3.0/inc/pwd.h
celib-palm-3.0/inc/reentrant.h
celib-palm-3.0/inc/signal.h
celib-palm-3.0/inc/stddef.h
celib-palm-3.0/inc/stdio-palmsize.h
celib-palm-3.0/inc/strings.h
celib-palm-3.0/inc/sys/ansi.h
celib-palm-3.0/inc/sys/cdefs.h
celib-palm-3.0/inc/sys/featuretest.h
celib-palm-3.0/inc/sys/file.h
celib-palm-3.0/inc/sys/ioctl.h
celib-palm-3.0/inc/sys/locking.h
celib-palm-3.0/inc/sys/null.h
celib-palm-3.0/inc/sys/param.h
celib-palm-3.0/inc/sys/resource.h
celib-palm-3.0/inc/sys/socket.h
celib-palm-3.0/inc/sys/stat.h
celib-palm-3.0/inc/sys/syslog.h
celib-palm-3.0/inc/sys/time.h
celib-palm-3.0/inc/sys/timeb.h
celib-palm-3.0/inc/sys/times.h
celib-palm-3.0/inc/sys/types.h
celib-palm-3.0/inc/sys/un.h
celib-palm-3.0/inc/sys/utime.h
celib-palm-3.0/inc/sys/wait.h
celib-palm-3.0/inc/syslog.h
celib-palm-3.0/inc/termbits.h
celib-palm-3.0/inc/termios.h
celib-palm-3.0/inc/time.h
celib-palm-3.0/inc/tzfile.h
celib-palm-3.0/inc/unistd.h
celib-palm-3.0/inc/varargs.h
celib-palm-3.0/inc/wincon.h
celib-palm-3.0/inc/xcetrace.h
celib-palm-3.0/inc200/stdio.h
celib-palm-3.0/inet_aton.c
celib-palm-3.0/localhost.c
celib-palm-3.0/localtim.c
celib-palm-3.0/localtim.c.diff
celib-palm-3.0/logwtmp.c
celib-palm-3.0/Makefile.ce
celib-palm-3.0/makeunixpath.c
celib-palm-3.0/mktime.c
celib-palm-3.0/mktime.c.diff
celib-palm-3.0/movefile.c
celib-palm-3.0/patch-001.txt
celib-palm-3.0/profile.txt
celib-palm-3.0/pwd.c
celib-palm-3.0/rcmd.c
celib-palm-3.0/README
celib-palm-3.0/readwrite.c
celib-palm-3.0/registry.c
celib-palm-3.0/removedir.c
celib-palm-3.0/report.txt
celib-palm-3.0/rexec.c
celib-palm-3.0/sleep.c
celib-palm-3.0/snprintf.c
celib-palm-3.0/strftime.c
celib-palm-3.0/strpbrk.c
celib-palm-3.0/strsep.c
celib-palm-3.0/strspn.c
celib-palm-3.0/syslog.c
celib-palm-3.0/TAGS
celib-palm-3.0/termios.c
celib-palm-3.0/test1.c
celib-palm-3.0/test1.c.bak
celib-palm-3.0/test1.vco
celib-palm-3.0/test1w.c
celib-palm-3.0/test1w.rc
celib-palm-3.0/test1w.RES
celib-palm-3.0/test1wres.h
celib-palm-3.0/testexports.c
celib-palm-3.0/testfloat.asm
celib-palm-3.0/testfloat.c
celib-palm-3.0/testfloatio.asm
celib-palm-3.0/testfloatio.c
celib-palm-3.0/testfloatio.vco
celib-palm-3.0/test_pipe_child.c
celib-palm-3.0/test_pipe_parent.c
celib-palm-3.0/test_pipe_parent.vco
celib-palm-3.0/test_pipe_parent2.c
celib-palm-3.0/test_pipe_parent2.vco
celib-palm-3.0/time.c
celib-palm-3.0/time.c.diff
celib-palm-3.0/tr.txt
celib-palm-3.0/tzset.c
celib-palm-3.0/tzset.c.diff
celib-palm-3.0/uid.c
celib-palm-3.0/utime.c
celib-palm-3.0/utime.c.diff
celib-palm-3.0/version.h
celib-palm-3.0/wince-arm-hpc-wce211-release/celib.dll
celib-palm-3.0/wince-arm-hpc-wce211-release/celib.lib
celib-palm-3.0/wince-arm-hpc-wce211-release/celib.map
celib-palm-3.0/wince-arm-hpc-wce300-release/celib.dll
celib-palm-3.0/wince-arm-hpc-wce300-release/celib.lib
celib-palm-3.0/wince-arm-hpc-wce300-release/celib.map
celib-palm-3.0/wince-arm-pocket-wce300-release/celib.dll
celib-palm-3.0/wince-arm-pocket-wce300-release/celib.lib
celib-palm-3.0/wince-arm-pocket-wce300-release/celib.map
celib-palm-3.0/wince-mips-hpc-wce200-release/celib.dll
celib-palm-3.0/wince-mips-hpc-wce200-release/celib.lib
celib-palm-3.0/wince-mips-hpc-wce200-release/celib.map
celib-palm-3.0/wince-mips-hpc-wce211-release/celib.dll
celib-palm-3.0/wince-mips-hpc-wce211-release/celib.lib
celib-palm-3.0/wince-mips-hpc-wce211-release/celib.map
celib-palm-3.0/wince-mips-palm-wce201-release/celib.dll
celib-palm-3.0/wince-mips-palm-wce201-release/celib.lib
celib-palm-3.0/wince-mips-palm-wce201-release/celib.map
celib-palm-3.0/wince-mips-palm-wce211-release/celib.dll
celib-palm-3.0/wince-mips-palm-wce211-release/celib.lib
celib-palm-3.0/wince-mips-palm-wce211-release/celib.map
celib-palm-3.0/wince-mips-pocket-wce300-release/celib.dll
celib-palm-3.0/wince-mips-pocket-wce300-release/celib.lib
celib-palm-3.0/wince-mips-pocket-wce300-release/celib.map
celib-palm-3.0/wince-sh3-hpc-wce200-release/celib.dll
celib-palm-3.0/wince-sh3-hpc-wce200-release/celib.lib
celib-palm-3.0/wince-sh3-hpc-wce200-release/celib.map
celib-palm-3.0/wince-sh3-hpc-wce211-release/celib.dll
celib-palm-3.0/wince-sh3-hpc-wce211-release/celib.lib
celib-palm-3.0/wince-sh3-hpc-wce211-release/celib.map
celib-palm-3.0/wince-sh3-palm-wce201-release/celib.dll
celib-palm-3.0/wince-sh3-palm-wce201-release/celib.lib
celib-palm-3.0/wince-sh3-palm-wce201-release/celib.map
celib-palm-3.0/wince-sh3-palm-wce211-release/celib.dll
celib-palm-3.0/wince-sh3-palm-wce211-release/celib.lib
celib-palm-3.0/wince-sh3-palm-wce211-release/celib.map
celib-palm-3.0/wince-sh3-pocket-wce300-release/celib.dll
celib-palm-3.0/wince-sh3-pocket-wce300-release/celib.lib
celib-palm-3.0/wince-sh3-pocket-wce300-release/celib.map
celib-palm-3.0/wince-sh4-hpc-wce211-release/celib.dll
celib-palm-3.0/wince-sh4-hpc-wce211-release/celib.lib
celib-palm-3.0/wince-sh4-hpc-wce211-release/celib.map
celib-palm-3.0/wince-x86-hpc-wce300-release/celib.dll
celib-palm-3.0/wince-x86-hpc-wce300-release/celib.lib
celib-palm-3.0/wince-x86-hpc-wce300-release/celib.map
celib-palm-3.0/wince-x86em-hpc-wce211-release/celib.dll
celib-palm-3.0/wince-x86em-hpc-wce211-release/celib.lib
celib-palm-3.0/wince-x86em-hpc-wce211-release/celib.map
celib-palm-3.0/wince-x86em-palm-wce211-release/celib.dll
celib-palm-3.0/wince-x86em-palm-wce211-release/celib.lib
celib-palm-3.0/wince-x86em-palm-wce211-release/celib.map
celib-palm-3.0/wince-x86em-pocket-wce300-release/celib.dll
celib-palm-3.0/wince-x86em-pocket-wce300-release/celib.lib
celib-palm-3.0/wince-x86em-pocket-wce300-release/celib.map
celib-palm-3.0/wsdb.c
celib-palm-3.0/wssocket.c
celib-palm-3.0/wsstart.c
celib-palm-3.0/wsstrerror.c
celib-palm-3.0/xbuildall.ksh
celib-palm-3.0/xcmp.ksh
celib-palm-3.0/xfiles.lst
celib-palm-3.0/xmakediff.ksh
celib-palm-3.0/xmakedist.ksh
celib-palm-3.0/xmaketar.ksh
celib-palm-3.0/xpatch.bat
celib-palm-3.0/xpipelog1.txt
celib-palm-3.0/xprofile.pl
celib-palm-3.0/xprofile.txt
